[yweb.pages.app.br/index.html]
[backblue.gif]
[fade.gif]
[index.html]
[cdn.greatsoftwares.com.br/arquivos/paginas/96459-faf99012c07e8c223c53b31e3cd41a9b.png]
[cdn.greatsoftwares.com.br/arquivos/paginas/96459-e54970a2ff4457a5d3c9cfade9e77132.png]
[cdn.greatpages.com.br/yweb.pages.app.br/1708020682/imagens/desktop/486123_1_170791335265ccb088d72af673282358.png]
[cdn.greatpages.com.br/yweb.pages.app.br/1708020682/imagens/desktop/486123_1_170791335265ccb088d7de5642069873.png]
[cdn.greatpages.com.br/yweb.pages.app.br/1708020682/imagens/desktop/486123_1_170791335265ccb088d7f09343933071.gif]
[cdn.greatpages.com.br/yweb.pages.app.br/1708020682/imagens/desktop/486123_1_170791335265ccb088e418e437475157.png]
[cdn.greatpages.com.br/yweb.pages.app.br/1708020682/imagens/mobile/486123_1_170791335265ccb088d72af673282358.png]
[cdn.greatpages.com.br/yweb.pages.app.br/1708020682/imagens/mobile/486123_1_170791335265ccb088d7de5642069873.png]
[cdn.greatpages.com.br/yweb.pages.app.br/1708020682/imagens/mobile/486123_1_170791335265ccb088e418e437475157.png]
[use.fontawesome.com/releases/v5.13.0/css/all.css]
[cdn.greatpages.com.br/yweb.pages.app.br/1708020682/css.css]
[cdn.greatpages.com.br/yweb.pages.app.br/1708020682/js.js]
[ajax.cloudflare.com/cdn-cgi/scripts/04b3eb47/cloudflare-static/mirage2.min.js]
[cdn.greatapps.com.br/_greatpages/imagens/logo.png]
[yweb.pages.app.br/index.html]
[use.fontawesome.com/releases/v5.13.0/css/all.css]
[cdn.greatpages.com.br/yweb.pages.app.br/1708020682/css.css]
